Listening on 4444
[2022/4/12 12:13:8] resolver started for cocksuck.com
[2022/4/12 12:13:17] 8.26 s for cocksuck.com, 0.858 with 0.964 accuracy
[2022/4/12 12:13:29] resolver started for www.is.muni.cz
[2022/4/12 12:13:37] 8.33 s for www.is.muni.cz, 0.106 with 0.893 accuracy
[2022/4/12 12:13:58] resolver started for www.seznam.cz
[2022/4/12 12:14:6] 8.01 s for www.seznam.cz, 0.096 with 0.91 accuracy
[2022/4/12 12:14:40] resolver started for lhota-zlin.cz
[2022/4/12 12:14:48] 8.22 s for lhota-zlin.cz, 0.944 with 0.982 accuracy
[2022/4/12 12:14:56] resolver started for lhota-zlin.cz
[2022/4/12 12:15:4] 8.04 s for lhota-zlin.cz, 0.944 with 0.982 accuracy
[2022/4/12 12:15:14] resolver started for www.lhota-zlin.cz
[2022/4/12 12:15:22] 8.24 s for www.lhota-zlin.cz, 0.1 with 0.928 accuracy
[2022/4/12 12:19:21] resolver started for urlcheck.eu
[2022/4/12 12:19:29] 8.26 s for urlcheck.eu, 0.726 with 0.928 accuracy
[2022/4/12 12:19:42] resolver started for www.urlcheck.eu
[2022/4/12 12:19:51] 8.32 s for www.urlcheck.eu, 0.59 with 0.696 accuracy
Listening on 4444
[2022/4/12 12:21:14] resolver started for lhota-zlin.cz
[2022/4/12 12:21:22] 8.06 s for lhota-zlin.cz, 0.944 with 0.982 accuracy
[2022/4/12 12:21:37] resolver started for lhota-zlin.cz
[2022/4/12 12:21:45] 8.03 s for lhota-zlin.cz, 0.944 with 0.982 accuracy
[2022/4/12 12:21:52] resolver started for lhota-zlin.cz
[2022/4/12 12:22:0] 8.15 s for lhota-zlin.cz, 0.944 with 0.982 accuracy
[2022/4/12 12:22:46] resolver started for medikem.cz.cz.cz
[2022/4/12 12:22:54] 7.88 s for medikem.cz.cz.cz, 0.021 with 0.875 accuracy
Not valid domain name
[2022/4/12 12:23:27] resolver started for [object Object]
[2022/4/12 12:23:45] resolver started for pornhub.com
[2022/4/12 12:23:52] 7.97 s for pornhub.com, 0.978 with 0.964 accuracy
Listening on 4444
[2022/4/12 12:24:31] resolver started for thispersondoesntexist.com
[2022/4/12 12:24:43] 11.92 s for thispersondoesntexist.com, 0.747 with 0.678 accuracy
[2022/4/12 12:24:43] resolver started for thispersondoesntexist.com
[2022/4/12 12:24:54] 11.27 s for thispersondoesntexist.com, 0.747 with 0.678 accuracy
[2022/4/12 12:24:55] resolver started for michalslovak.eu
[2022/4/12 12:25:3] 8.28 s for michalslovak.eu, 0.683 with 0.946 accuracy
[2022/4/12 12:25:8] resolver started for michalslovak.eu
[2022/4/12 12:25:16] 8.12 s for michalslovak.eu, 0.683 with 0.946 accuracy
[2022/4/12 12:25:19] resolver started for gethacked.com
[2022/4/12 12:25:28] 9.38 s for gethacked.com, 0.628 with 0.643 accuracy
[2022/4/12 12:26:20] resolver started for wis.fit.vutbr.cz
[2022/4/12 12:26:28] 8.16 s for wis.fit.vutbr.cz, 0.254 with 0.946 accuracy
[2022/4/12 12:26:31] resolver started for wis.fit.vutbr.cz
[2022/4/12 12:26:39] 8.03 s for wis.fit.vutbr.cz, 0.254 with 0.946 accuracy
[2022/4/12 12:26:39] resolver started for wis.fit.vutbr.cz
[2022/4/12 12:26:47] 8.04 s for wis.fit.vutbr.cz, 0.254 with 0.946 accuracy
[2022/4/12 12:29:48] resolver started for Utb.cz
[2022/4/12 12:29:56] 8.12 s for Utb.cz, 0.955 with 0.964 accuracy
[2022/4/12 12:30:8] resolver started for Test.Utb.cz
[2022/4/12 12:30:16] 7.97 s for Test.Utb.cz, 0.039 with 0.893 accuracy
[2022/4/12 12:30:33] resolver started for Test.Utb.cz
[2022/4/12 12:30:41] 7.97 s for Test.Utb.cz, 0.039 with 0.893 accuracy
Not valid domain name
[2022/4/12 12:33:53] resolver started for [object Object]
Not valid domain name
[2022/4/12 12:34:32] resolver started for [object Object]
Listening on 4444
[2022/4/12 12:39:35] resolver started for go.fame.utb.cz
[2022/4/12 12:39:43] 8.10 s for go.fame.utb.cz, 0.043 with 0.91 accuracy
[2022/4/12 12:42:6] resolver started for test.utb.cz
[2022/4/12 12:42:14] 7.91 s for test.utb.cz, 0.039 with 0.893 accuracy
[2022/4/12 12:43:18] resolver started for test.utb.cz
[2022/4/12 12:43:26] 7.89 s for test.utb.cz, 0.039 with 0.893 accuracy
[2022/4/12 12:46:10] resolver started for downloadmoreram.com
[2022/4/12 12:46:18] 8.03 s for downloadmoreram.com, 0.951 with 0.982 accuracy
[2022/4/12 12:50:4] resolver started for facebookcorewwwi.onion.to
[2022/4/12 12:50:30] 26.62 s for facebookcorewwwi.onion.to, 0.804 with 0.964 accuracy
[2022/4/12 12:51:36] resolver started for facebookcorewwwi.onion.to
[2022/4/12 12:51:56] 20.07 s for facebookcorewwwi.onion.to, 0.804 with 0.964 accuracy
[2022/4/12 12:56:23] resolver started for fit.vut.cz
[2022/4/12 12:56:31] 8.17 s for fit.vut.cz, 0.949 with 0.982 accuracy
[2022/4/12 12:57:1] resolver started for Email.cz
[2022/4/12 12:57:9] 8.07 s for Email.cz, 0.951 with 0.982 accuracy
[2022/4/12 13:44:59] resolver started for fit.vutbr.cz
[2022/4/12 13:45:7] 7.93 s for fit.vutbr.cz, 0.497 with 0.696 accuracy
[2022/4/12 13:45:7] resolver started for fitcrack.fit.vutbr.cz
[2022/4/12 13:45:16] 8.51 s for fitcrack.fit.vutbr.cz, 0.228 with 0.66 accuracy
[2022/4/12 13:50:0] resolver started for fitcrack.fit.vutbr.cz
[2022/4/12 13:50:8] 8.23 s for fitcrack.fit.vutbr.cz, 0.228 with 0.66 accuracy
Listening on 4444
[2022/4/12 13:52:22] resolver started for fitcrack.fit.vutbr.cz
[2022/4/12 13:52:30] 8.11 s for fitcrack.fit.vutbr.cz, 0.228 with 0.66 accuracy
Listening on 4444
[2022/4/12 14:10:21] resolver started for fitcrack.fit.vutbr.cz
[2022/4/12 14:10:29] 8.38 s for fitcrack.fit.vutbr.cz, 0.228 with 0.66 accuracy
Listening on 4444
using cache
[2022/4/12 14:10:38] resolver started for fitcrack.fit.vutbr.cz
[2022/4/12 14:10:46] 8.15 s for fitcrack.fit.vutbr.cz, 0.228 with 0.66 accuracy
Listening on 4444
[2022/4/12 14:11:35] resolver started for fitcrack.fit.vutbr.cz
true
using cache for [fitcrack.fit.vutbr.cz]
[2022/4/12 14:11:35] 0.00 s for fitcrack.fit.vutbr.cz, 0.228 with 0.66 accuracy
Listening on 4444
[2022/4/12 14:13:8] resolver started for fitcrack.fit.vutbr.cz
true
using cache for [fitcrack.fit.vutbr.cz]
[2022/4/12 14:13:8] 0.01 s for fitcrack.fit.vutbr.cz, 0.228 with 0.66 accuracy
[2022/4/12 14:13:10] resolver started for fitcrack.fit.vutbr.cz
true
using cache for [fitcrack.fit.vutbr.cz]
[2022/4/12 14:13:10] 0.01 s for fitcrack.fit.vutbr.cz, 0.228 with 0.66 accuracy
Listening on 4444
[2022/4/13 4:23:12] Using user agent: Mozilla/5.0 (Windows NT 10.0; Win64; x64) AppleWebKit/537.36 (KHTML, like Gecko) Chrome/99.0.4844.84 Safari/537.36 OPR/85.0.4341.53
[2022/4/13 4:23:12] resolver started for pornhub.com
[2022/4/13 4:23:20] 8.01 s for pornhub.com, 0.978 with 0.964 accuracy
[2022/4/13 4:24:54] Using user agent: Mozilla/5.0 (Windows NT 10.0; Win64; x64) AppleWebKit/537.36 (KHTML, like Gecko) Chrome/99.0.4844.84 Safari/537.36 OPR/85.0.4341.53
[2022/4/13 4:24:54] resolver started for parlamentnilisty.cz
[2022/4/13 4:25:2] 8.18 s for parlamentnilisty.cz, 0.978 with 0.964 accuracy
[2022/4/13 7:26:16] Using user agent: Mozilla/5.0 (Linux; Android 11; M2004J19C) AppleWebKit/537.36 (KHTML, like Gecko) Chrome/99.0.4844.88 Mobile Safari/537.36
[2022/4/13 7:26:16] resolver started for Neit.cz
[2022/4/13 7:26:24] 8.19 s for Neit.cz, 0.952 with 0.964 accuracy
Listening on 4444
[2022/4/13 8:35:34] Using user agent: Mozilla/5.0 (X11; Ubuntu; Linux x86_64; rv:98.0) Gecko/20100101 Firefox/98.0
[2022/4/13 8:35:34] resolver started for altarsystems.com
[2022/4/13 8:35:42] 8.31 s for altarsystems.com, 0.713 with 0.946 accuracy
[2022/4/13 8:35:42] Using user agent: Mozilla/5.0 (Windows NT 10.0; Win64; x64) AppleWebKit/537.36 (KHTML, like Gecko) Chrome/100.0.4896.88 Safari/537.36
[2022/4/13 8:35:42] resolver started for bio-senpai.ovi.moe
using cache for [bio-senpai.ovi.moe]
[2022/4/13 8:35:47] 5.00 s for bio-senpai.ovi.moe, 0.707 with 0.928 accuracy
[2022/4/13 8:37:14] Using user agent: Mozilla/5.0 (Windows NT 10.0; Win64; x64) AppleWebKit/537.36 (KHTML, like Gecko) Chrome/100.0.4896.88 Safari/537.36
[2022/4/13 8:37:14] resolver started for altarsystems.com
[2022/4/13 8:37:22] 8.12 s for altarsystems.com, 0.713 with 0.946 accuracy
[2022/4/13 8:39:29] Using user agent: Mozilla/5.0 (X11; Ubuntu; Linux x86_64; rv:98.0) Gecko/20100101 Firefox/98.0
[2022/4/13 8:39:29] resolver started for danbooru.donmai.us
[2022/4/13 8:39:37] 8.17 s for danbooru.donmai.us, 0.329 with 0.946 accuracy
[2022/4/13 8:40:50] Using user agent: Mozilla/5.0 (X11; Ubuntu; Linux x86_64; rv:98.0) Gecko/20100101 Firefox/98.0
[2022/4/13 8:40:50] resolver started for goodsrepublic.com
[2022/4/13 8:40:59] 8.74 s for goodsrepublic.com, 0.959 with 0.964 accuracy
[2022/4/13 8:41:23] Using user agent: Mozilla/5.0 (X11; Ubuntu; Linux x86_64; rv:98.0) Gecko/20100101 Firefox/98.0
[2022/4/13 8:41:23] resolver started for awwwards.com
[2022/4/13 8:41:31] 8.20 s for awwwards.com, 0.949 with 0.982 accuracy
[2022/4/13 8:42:19] Using user agent: Mozilla/5.0 (X11; Ubuntu; Linux x86_64; rv:98.0) Gecko/20100101 Firefox/98.0
[2022/4/13 8:42:19] resolver started for konachan.net
[2022/4/13 8:42:27] 8.00 s for konachan.net, 0.901 with 0.946 accuracy
[2022/4/13 8:43:26] Using user agent: Mozilla/5.0 (X11; Ubuntu; Linux x86_64; rv:98.0) Gecko/20100101 Firefox/98.0
[2022/4/13 8:43:26] resolver started for codepen.io
[2022/4/13 8:43:34] 8.10 s for codepen.io, 0.995 with 0.982 accuracy
[2022/4/13 8:43:57] Using user agent: Mozilla/5.0 (X11; Ubuntu; Linux x86_64; rv:98.0) Gecko/20100101 Firefox/98.0
[2022/4/13 8:43:57] resolver started for akebi-chan.jp
[2022/4/13 8:44:5] 8.06 s for akebi-chan.jp, 0.703 with 0.928 accuracy
[2022/4/13 8:44:56] Using user agent: Mozilla/5.0 (X11; Ubuntu; Linux x86_64; rv:98.0) Gecko/20100101 Firefox/98.0
[2022/4/13 8:44:56] resolver started for twiter.com
[2022/4/13 8:45:5] 9.37 s for twiter.com, 0.941 with 0.946 accuracy
[2022/4/13 8:45:49] Using user agent: Mozilla/5.0 (X11; Ubuntu; Linux x86_64; rv:98.0) Gecko/20100101 Firefox/98.0
[2022/4/13 8:45:49] resolver started for radekware.dental
[2022/4/13 8:45:58] 9.03 s for radekware.dental, 0.186 with 0.875 accuracy
[2022/4/13 12:9:26] Using user agent: Mozilla/5.0 (Windows NT 10.0; Win64; x64) AppleWebKit/537.36 (KHTML, like Gecko) Chrome/100.0.4896.60 Safari/537.36
[2022/4/13 12:9:26] resolver started for polarkakm.net
[2022/4/13 12:9:34] 8.13 s for polarkakm.net, 0.771 with 0.964 accuracy
[2022/4/13 12:10:1] Using user agent: Mozilla/5.0 (Windows NT 10.0; Win64; x64) AppleWebKit/537.36 (KHTML, like Gecko) Chrome/100.0.4896.60 Safari/537.36
[2022/4/13 12:10:1] resolver started for cnb.cz
[2022/4/13 12:10:9] 8.04 s for cnb.cz, 0.98 with 0.964 accuracy
[2022/4/13 12:10:22] Using user agent: Mozilla/5.0 (Windows NT 10.0; Win64; x64) AppleWebKit/537.36 (KHTML, like Gecko) Chrome/100.0.4896.60 Safari/537.36
[2022/4/13 12:10:22] resolver started for seznam.cz
[2022/4/13 12:10:30] 8.10 s for seznam.cz, 0.939 with 0.982 accuracy
[2022/4/13 12:10:54] Using user agent: Mozilla/5.0 (Windows NT 10.0; Win64; x64) AppleWebKit/537.36 (KHTML, like Gecko) Chrome/100.0.4896.60 Safari/537.36
[2022/4/13 12:10:54] resolver started for esi.microsoft.com
[2022/4/13 12:11:3] 8.73 s for esi.microsoft.com, 0.243 with 0.91 accuracy
[2022/4/13 13:17:47] Using user agent: Mozilla/5.0 (Windows NT 10.0; Win64; x64) AppleWebKit/537.36 (KHTML, like Gecko) Chrome/100.0.4896.88 Safari/537.36
[2022/4/13 13:17:47] resolver started for pornhub.com
[2022/4/13 13:17:55] 8.13 s for pornhub.com, 0.978 with 0.964 accuracy
[2022/4/13 13:18:19] Using user agent: Mozilla/5.0 (Windows NT 10.0; Win64; x64) AppleWebKit/537.36 (KHTML, like Gecko) Chrome/100.0.4896.88 Safari/537.36
[2022/4/13 13:18:19] resolver started for radek.cz
[2022/4/13 13:18:48] 28.18 s for radek.cz, 0.571 with 0.678 accuracy
[2022/4/13 13:18:48] Using user agent: Mozilla/5.0 (Windows NT 10.0; Win64; x64) AppleWebKit/537.36 (KHTML, like Gecko) Chrome/100.0.4896.88 Safari/537.36
[2022/4/13 13:18:48] resolver started for radek.cz.com
[2022/4/13 13:18:57] 9.13 s for radek.cz.com, 0.76 with 0.643 accuracy
[2022/4/13 13:19:14] Using user agent: Mozilla/5.0 (Windows NT 10.0; Win64; x64) AppleWebKit/537.36 (KHTML, like Gecko) Chrome/100.0.4896.88 Safari/537.36
[2022/4/13 13:19:14] resolver started for kakadu.cz
[2022/4/13 13:19:22] 8.42 s for kakadu.cz, 0.587 with 0.696 accuracy
[2022/4/13 13:19:34] Using user agent: Mozilla/5.0 (Windows NT 10.0; Win64; x64) AppleWebKit/537.36 (KHTML, like Gecko) Chrome/100.0.4896.88 Safari/537.36
[2022/4/13 13:19:34] resolver started for jsudfihsidufh.dental
[2022/4/13 13:19:42] 8.19 s for jsudfihsidufh.dental, 0.008 with 0.875 accuracy
[2022/4/13 13:21:43] Using user agent: Mozilla/5.0 (Windows NT 10.0; Win64; x64) AppleWebKit/537.36 (KHTML, like Gecko) Chrome/100.0.4896.88 Safari/537.36
[2022/4/13 13:21:43] resolver started for jsudfihsidufh.dentaljgjhg
[2022/4/13 13:21:51] 8.03 s for jsudfihsidufh.dentaljgjhg, 0.015 with 0.875 accuracy
[2022/4/13 19:44:18] Using user agent: Mozilla/5.0 (X11; Linux x86_64) AppleWebKit/537.36 (KHTML, like Gecko) Chrome/100.0.4896.75 Safari/537.36
[2022/4/13 19:44:18] resolver started for learning.edx.org
[2022/4/13 19:44:26] 8.15 s for learning.edx.org, 0.7 with 0.678 accuracy
[2022/4/14 9:15:19] Using user agent: Mozilla/5.0 (iPhone; CPU iPhone OS 15_3_1 like Mac OS X) AppleWebKit/605.1.15 (KHTML, like Gecko) Mobile/15E148 LightSpeed [FBAN/MessengerLiteForiOS;FBAV/356.0.0.19.103;FBBV/362824639;FBDV/iPhone13,1;FBMD/iPhone;FBSN/iOS;FBSV/15.3.1;FBSS/3;FBCR/;FBID/phone;FBLC/en-GB;FBOP/0]
[2022/4/14 9:15:19] resolver started for Bigdicks.com
[2022/4/14 9:15:27] 8.40 s for Bigdicks.com, 0.677 with 0.928 accuracy
[2022/4/14 9:17:3] Using user agent: Mozilla/5.0 (iPhone; CPU iPhone OS 15_3_1 like Mac OS X) AppleWebKit/605.1.15 (KHTML, like Gecko) Mobile/15E148 LightSpeed [FBAN/MessengerLiteForiOS;FBAV/356.0.0.19.103;FBBV/362824639;FBDV/iPhone13,1;FBMD/iPhone;FBSN/iOS;FBSV/15.3.1;FBSS/3;FBCR/;FBID/phone;FBLC/en-GB;FBOP/0]
[2022/4/14 9:17:3] resolver started for Goalgoof.com
[2022/4/14 9:17:11] 8.01 s for Goalgoof.com, 0.042 with 0.875 accuracy
[2022/4/14 11:34:39] Using user agent: Mozilla/5.0 (X11; Linux x86_64) AppleWebKit/537.36 (KHTML, like Gecko) Chrome/95.0.4638.69 Safari/537.36
[2022/4/14 11:34:39] resolver started for google.com
[2022/4/14 11:34:47] 8.12 s for google.com, 0.842 with 0.982 accuracy
[2022/4/14 11:37:18] Using user agent: Mozilla/5.0 (X11; Linux x86_64) AppleWebKit/537.36 (KHTML, like Gecko) Chrome/95.0.4638.69 Safari/537.36
[2022/4/14 11:37:18] resolver started for stackoverflow.com
[2022/4/14 11:37:26] 8.10 s for stackoverflow.com, 0.875 with 0.964 accuracy
[2022/4/14 11:43:34] Using user agent: Mozilla/5.0 (X11; Linux x86_64) AppleWebKit/537.36 (KHTML, like Gecko) Chrome/95.0.4638.69 Safari/537.36
[2022/4/14 11:43:34] resolver started for qwerty.cz
[2022/4/14 11:43:42] 8.08 s for qwerty.cz, 0.948 with 0.964 accuracy
[2022/4/14 11:43:42] Using user agent: Mozilla/5.0 (X11; Linux x86_64) AppleWebKit/537.36 (KHTML, like Gecko) Chrome/95.0.4638.69 Safari/537.36
[2022/4/14 11:43:42] resolver started for ahoj.com
[2022/4/14 11:43:51] 8.99 s for ahoj.com, 0.748 with 0.928 accuracy
[2022/4/14 11:43:51] Using user agent: Mozilla/5.0 (X11; Linux x86_64) AppleWebKit/537.36 (KHTML, like Gecko) Chrome/95.0.4638.69 Safari/537.36
[2022/4/14 11:43:51] resolver started for data.io
[2022/4/14 11:44:19] 28.13 s for data.io, 0.99 with 0.964 accuracy
[2022/4/14 11:44:19] Using user agent: Mozilla/5.0 (X11; Linux x86_64) AppleWebKit/537.36 (KHTML, like Gecko) Chrome/95.0.4638.69 Safari/537.36
[2022/4/14 11:44:19] resolver started for check.cz
[2022/4/14 11:44:47] 28.10 s for check.cz, 0.586 with 0.696 accuracy
[2022/4/14 11:44:47] Using user agent: Mozilla/5.0 (X11; Linux x86_64) AppleWebKit/537.36 (KHTML, like Gecko) Chrome/95.0.4638.69 Safari/537.36
[2022/4/14 11:44:47] resolver started for doom.com
[2022/4/14 11:44:55] 8.09 s for doom.com, 0.97 with 0.964 accuracy
[2022/4/14 11:44:55] Using user agent: Mozilla/5.0 (X11; Linux x86_64) AppleWebKit/537.36 (KHTML, like Gecko) Chrome/95.0.4638.69 Safari/537.36
[2022/4/14 11:44:55] resolver started for hi.com
[2022/4/14 11:45:3] 8.11 s for hi.com, 0.975 with 0.982 accuracy
[2022/4/14 11:45:20] Using user agent: Mozilla/5.0 (X11; Linux x86_64) AppleWebKit/537.36 (KHTML, like Gecko) Chrome/95.0.4638.69 Safari/537.36
[2022/4/14 11:45:20] resolver started for simple.org
[2022/4/14 11:45:28] 8.16 s for simple.org, 0.99 with 0.982 accuracy
[2022/4/14 11:45:53] Using user agent: Mozilla/5.0 (X11; Linux x86_64) AppleWebKit/537.36 (KHTML, like Gecko) Chrome/95.0.4638.69 Safari/537.36
[2022/4/14 11:45:53] resolver started for goal.ahoj
[2022/4/14 11:46:1] 7.82 s for goal.ahoj, 0.225 with 0.875 accuracy
[2022/4/14 11:46:1] Using user agent: Mozilla/5.0 (X11; Linux x86_64) AppleWebKit/537.36 (KHTML, like Gecko) Chrome/95.0.4638.69 Safari/537.36
[2022/4/14 11:46:1] resolver started for ajsdh.asdas
[2022/4/14 11:46:9] 7.82 s for ajsdh.asdas, 0.007 with 0.875 accuracy
[2022/4/14 11:46:9] Using user agent: Mozilla/5.0 (X11; Linux x86_64) AppleWebKit/537.36 (KHTML, like Gecko) Chrome/95.0.4638.69 Safari/537.36
[2022/4/14 11:46:9] resolver started for euospw.sseef
[2022/4/14 11:46:17] 7.96 s for euospw.sseef, 0.047 with 0.875 accuracy
[2022/4/17 16:39:59] Using user agent: Mozilla/5.0 (Windows NT 10.0; Win64; x64) AppleWebKit/537.36 (KHTML, like Gecko) Chrome/100.0.4896.127 Safari/537.36
[2022/4/17 16:39:59] resolver started for vukrom.cz
[2022/4/17 16:40:8] 9.85 s for vukrom.cz, 0.778 with 0.964 accuracy
[2022/4/18 13:59:33] Using user agent: Mozilla/5.0 (Windows NT 10.0; Win64; x64) AppleWebKit/537.36 (KHTML, like Gecko) Chrome/100.0.4896.127 Safari/537.36
[2022/4/18 13:59:33] resolver started for medikem.cz
[2022/4/18 13:59:42] 9.50 s for medikem.cz, 0.892 with 0.946 accuracy
[2022/4/18 14:7:46] Using user agent: Mozilla/5.0 (Windows NT 10.0; Win64; x64) AppleWebKit/537.36 (KHTML, like Gecko) Chrome/100.0.4896.127 Safari/537.36
[2022/4/18 14:7:46] resolver started for medikem.cz
[2022/4/18 14:7:54] 8.11 s for medikem.cz, 0.892 with 0.946 accuracy
[2022/4/18 14:8:23] Using user agent: Mozilla/5.0 (Windows NT 10.0; Win64; x64) AppleWebKit/537.36 (KHTML, like Gecko) Chrome/100.0.4896.127 Safari/537.36
[2022/4/18 14:8:23] resolver started for medikem.cz
[2022/4/18 14:8:31] 7.96 s for medikem.cz, 0.892 with 0.946 accuracy
[2022/4/18 14:9:56] Using user agent: Mozilla/5.0 (Windows NT 10.0; Win64; x64) AppleWebKit/537.36 (KHTML, like Gecko) Chrome/100.0.4896.127 Safari/537.36
[2022/4/18 14:9:56] resolver started for medikem.cz
[2022/4/18 14:10:4] 8.11 s for medikem.cz, 0.892 with 0.946 accuracy
[2022/4/18 14:10:38] Using user agent: Mozilla/5.0 (Windows NT 10.0; Win64; x64) AppleWebKit/537.36 (KHTML, like Gecko) Chrome/100.0.4896.127 Safari/537.36
[2022/4/18 14:10:38] resolver started for medikem.cz
[2022/4/18 14:10:46] 8.03 s for medikem.cz, 0.892 with 0.946 accuracy
[2022/4/18 14:11:10] Using user agent: Mozilla/5.0 (Windows NT 10.0; Win64; x64) AppleWebKit/537.36 (KHTML, like Gecko) Chrome/100.0.4896.127 Safari/537.36
[2022/4/18 14:11:10] resolver started for medikem.cz
[2022/4/18 14:11:18] 8.17 s for medikem.cz, 0.892 with 0.946 accuracy
[2022/4/18 14:11:18] Using user agent: Mozilla/5.0 (Windows NT 10.0; Win64; x64) AppleWebKit/537.36 (KHTML, like Gecko) Chrome/100.0.4896.127 Safari/537.36
[2022/4/18 14:11:18] resolver started for medikem.cz
[2022/4/18 14:11:26] 7.98 s for medikem.cz, 0.892 with 0.946 accuracy
[2022/4/18 14:12:4] Using user agent: Mozilla/5.0 (Windows NT 10.0; Win64; x64) AppleWebKit/537.36 (KHTML, like Gecko) Chrome/100.0.4896.127 Safari/537.36
[2022/4/18 14:12:4] resolver started for medikem.cz
[2022/4/18 14:12:12] 8.05 s for medikem.cz, 0.892 with 0.946 accuracy
[2022/4/18 14:14:33] Using user agent: Mozilla/5.0 (Windows NT 10.0; Win64; x64) AppleWebKit/537.36 (KHTML, like Gecko) Chrome/100.0.4896.127 Safari/537.36
[2022/4/18 14:14:33] resolver started for greycortex.com
[2022/4/18 14:14:41] 8.31 s for greycortex.com, 0.819 with 0.982 accuracy
[2022/4/18 14:26:20] Using user agent: Mozilla/5.0 (Windows NT 10.0; Win64; x64) AppleWebKit/537.36 (KHTML, like Gecko) Chrome/100.0.4896.127 Safari/537.36
[2022/4/18 14:26:20] resolver started for medikem.cz
[2022/4/18 14:26:28] 8.19 s for medikem.cz, 0.892 with 0.946 accuracy
[2022/4/18 14:27:26] Using user agent: Mozilla/5.0 (Windows NT 10.0; Win64; x64) AppleWebKit/537.36 (KHTML, like Gecko) Chrome/100.0.4896.127 Safari/537.36
[2022/4/18 14:27:26] resolver started for vukrom.cz
[2022/4/18 14:27:34] 8.38 s for vukrom.cz, 0.778 with 0.964 accuracy
[2022/4/18 14:28:0] Using user agent: Mozilla/5.0 (Windows NT 10.0; Win64; x64) AppleWebKit/537.36 (KHTML, like Gecko) Chrome/100.0.4896.127 Safari/537.36
[2022/4/18 14:28:0] resolver started for greycortex.com
[2022/4/18 14:28:8] 8.12 s for greycortex.com, 0.819 with 0.982 accuracy
[2022/4/18 17:13:31] Using user agent: Mozilla/5.0 (Windows NT 10.0; Win64; x64) AppleWebKit/537.36 (KHTML, like Gecko) Chrome/100.0.4896.127 Safari/537.36
[2022/4/18 17:13:31] resolver started for grrrr.rr
[2022/4/18 17:13:38] 7.72 s for grrrr.rr, 0.171 with 0.875 accuracy
Listening on 4444
[2022/4/18 18:50:15] Using user agent: Mozilla/5.0 (Windows NT 10.0; Win64; x64) AppleWebKit/537.36 (KHTML, like Gecko) Chrome/100.0.4896.127 Safari/537.36
[2022/4/18 18:50:15] resolver started for info.com
[2022/4/18 18:50:24] 8.16 s for info.com, 0.947 with 0.964 accuracy
[2022/4/19 6:19:33] Using user agent: Mozilla/5.0 (X11; Linux x86_64) AppleWebKit/537.36 (KHTML, like Gecko) Chrome/95.0.4638.69 Safari/537.36
[2022/4/19 6:19:33] resolver started for medikem.cz
[2022/4/19 6:19:41] 8.44 s for medikem.cz, 0.892 with 0.946 accuracy
[2022/4/19 6:20:34] Using user agent: Mozilla/5.0 (X11; Linux x86_64) AppleWebKit/537.36 (KHTML, like Gecko) Chrome/95.0.4638.69 Safari/537.36
[2022/4/19 6:20:34] resolver started for gate.io
[2022/4/19 6:20:43] 9.40 s for gate.io, 0.99 with 0.964 accuracy
[2022/4/19 8:7:48] Using user agent: Mozilla/5.0 (X11; Ubuntu; Linux x86_64; rv:99.0) Gecko/20100101 Firefox/99.0
[2022/4/19 8:7:48] resolver started for evil.com
[2022/4/19 8:7:57] 9.04 s for evil.com, 0.928 with 0.964 accuracy
[2022/4/19 8:8:53] Using user agent: Mozilla/5.0 (X11; Ubuntu; Linux x86_64; rv:99.0) Gecko/20100101 Firefox/99.0
[2022/4/19 8:8:53] resolver started for greycortex.com
[2022/4/19 8:9:2] 8.16 s for greycortex.com, 0.819 with 0.982 accuracy
[2022/4/19 8:11:46] Using user agent: Mozilla/5.0 (X11; Ubuntu; Linux x86_64; rv:99.0) Gecko/20100101 Firefox/99.0
[2022/4/19 8:11:46] resolver started for greycortex.com
[2022/4/19 8:11:55] 8.23 s for greycortex.com, 0.819 with 0.982 accuracy
[2022/4/19 8:12:5] Using user agent: Mozilla/5.0 (X11; Ubuntu; Linux x86_64; rv:99.0) Gecko/20100101 Firefox/99.0
[2022/4/19 8:12:5] resolver started for wikipedia.cz
[2022/4/19 8:12:13] 8.22 s for wikipedia.cz, 0.804 with 0.946 accuracy
[2022/4/19 8:12:55] Using user agent: Mozilla/5.0 (X11; Ubuntu; Linux x86_64; rv:99.0) Gecko/20100101 Firefox/99.0
[2022/4/19 8:12:55] resolver started for cs.wikipedia.org
[2022/4/19 8:13:4] 8.26 s for cs.wikipedia.org, 0.044 with 0.928 accuracy
[2022/4/19 8:15:35] Using user agent: Mozilla/5.0 (X11; Ubuntu; Linux x86_64; rv:99.0) Gecko/20100101 Firefox/99.0
[2022/4/19 8:15:35] resolver started for pornhub.com
[2022/4/19 8:15:43] 8.17 s for pornhub.com, 0.978 with 0.964 accuracy
[2022/4/19 8:20:4] Using user agent: Mozilla/5.0 (X11; Ubuntu; Linux x86_64; rv:99.0) Gecko/20100101 Firefox/99.0
[2022/4/19 8:20:4] resolver started for greycortex.com
[2022/4/19 8:20:12] 8.20 s for greycortex.com, 0.819 with 0.982 accuracy
[2022/4/19 8:29:51] Using user agent: Mozilla/5.0 (X11; Linux x86_64) AppleWebKit/537.36 (KHTML, like Gecko) Chrome/95.0.4638.69 Safari/537.36
[2022/4/19 8:29:51] resolver started for greycortex.com
[2022/4/19 8:29:59] 8.22 s for greycortex.com, 0.819 with 0.982 accuracy
Listening on 4444
[2022/4/19 8:30:13] Using user agent: Mozilla/5.0 (X11; Linux x86_64) AppleWebKit/537.36 (KHTML, like Gecko) Chrome/95.0.4638.69 Safari/537.36
[2022/4/19 8:30:13] resolver started for greycortex.com
using cache for [greycortex.com]
[2022/4/19 8:30:18] 5.01 s for greycortex.com, 0.819 with 0.982 accuracy
[2022/4/19 12:56:6] Using user agent: Mozilla/5.0 (X11; Ubuntu; Linux x86_64; rv:99.0) Gecko/20100101 Firefox/99.0
[2022/4/19 12:56:6] resolver started for greycortex.com
using cache for [greycortex.com]
[2022/4/19 12:56:11] 5.01 s for greycortex.com, 0.819 with 0.982 accuracy
[2022/4/19 12:57:39] Using user agent: Mozilla/5.0 (X11; Ubuntu; Linux x86_64; rv:99.0) Gecko/20100101 Firefox/99.0
[2022/4/19 12:57:39] resolver started for greycortex.com
using cache for [greycortex.com]
[2022/4/19 12:57:44] 5.01 s for greycortex.com, 0.819 with 0.982 accuracy
Listening on 4444
Listening on 4444
[2022/4/23 18:37:26] Using user agent: Mozilla/5.0 (X11; Linux x86_64) AppleWebKit/537.36 (KHTML, like Gecko) Chrome/95.0.4638.69 Safari/537.36
[2022/4/23 18:37:26] resolver started for greycortex.com
[2022/4/23 18:37:35] 9.55 s for greycortex.com, 0.839 with 0.982 accuracy
[2022/4/23 18:37:42] Using user agent: Mozilla/5.0 (X11; Linux x86_64) AppleWebKit/537.36 (KHTML, like Gecko) Chrome/95.0.4638.69 Safari/537.36
[2022/4/23 18:37:42] resolver started for bio-senpai.ovi.moe
using cache for [bio-senpai.ovi.moe]
[2022/4/23 18:37:47] 5.01 s for bio-senpai.ovi.moe, 0.707 with 0.928 accuracy
[2022/4/23 18:38:6] Using user agent: Mozilla/5.0 (X11; Linux x86_64) AppleWebKit/537.36 (KHTML, like Gecko) Chrome/95.0.4638.69 Safari/537.36
[2022/4/23 18:38:6] resolver started for ovi.moe
[2022/4/23 18:38:14] 8.14 s for ovi.moe, 0.859 with 0.964 accuracy
[2022/4/23 18:41:49] Using user agent: Mozilla/5.0 (X11; Linux x86_64) AppleWebKit/537.36 (KHTML, like Gecko) Chrome/95.0.4638.69 Safari/537.36
[2022/4/23 18:41:49] resolver started for danbooru.donmai.us
[2022/4/23 18:41:57] 8.07 s for danbooru.donmai.us, 0.329 with 0.946 accuracy
Listening on 4444
[2022/4/23 18:42:49] Using user agent: Mozilla/5.0 (X11; Linux x86_64) AppleWebKit/537.36 (KHTML, like Gecko) Chrome/95.0.4638.69 Safari/537.36
[2022/4/23 18:42:49] resolver started for danbooru.donmai.us
using cache for [danbooru.donmai.us]
[2022/4/23 18:42:54] 5.01 s for danbooru.donmai.us, 0.829 with 0.946 accuracy
[2022/4/24 19:53:39] Using user agent: Mozilla/5.0 (X11; Linux x86_64) AppleWebKit/537.36 (KHTML, like Gecko) Chrome/95.0.4638.69 Safari/537.36
[2022/4/24 19:53:39] resolver started for google.com
[2022/4/24 19:53:47] 8.18 s for google.com, 0.842 with 0.982 accuracy
[2022/4/26 8:17:56] Using user agent: Mozilla/5.0 (Windows NT 10.0; Win64; x64) AppleWebKit/537.36 (KHTML, like Gecko) Chrome/100.0.4896.127 Safari/537.36
[2022/4/26 8:17:56] resolver started for fit.vut.cz
[2022/4/26 8:18:5] 9.12 s for fit.vut.cz, 0.932 with 0.982 accuracy
[2022/4/26 11:43:55] Using user agent: Mozilla/5.0 (X11; Linux x86_64) AppleWebKit/537.36 (KHTML, like Gecko) Chrome/95.0.4638.69 Safari/537.36
[2022/4/26 11:43:55] resolver started for google.com
[2022/4/26 11:44:4] 8.19 s for google.com, 0.842 with 0.982 accuracy
[2022/4/26 14:22:32] Using user agent: Mozilla/5.0 (X11; Linux x86_64) AppleWebKit/537.36 (KHTML, like Gecko) Chrome/95.0.4638.69 Safari/537.36
[2022/4/26 14:22:32] resolver started for axwscwsslmiagfah.com
[2022/4/26 14:22:40] 7.88 s for axwscwsslmiagfah.com, 0.017 with 0.875 accuracy
[2022/4/26 15:22:13] Using user agent: Mozilla/5.0 (Windows NT 10.0; Win64; x64) AppleWebKit/537.36 (KHTML, like Gecko) Chrome/100.0.4896.127 Safari/537.36
[2022/4/26 15:22:13] resolver started for fit.vut.cz
[2022/4/26 15:22:21] 8.29 s for fit.vut.cz, 0.932 with 0.982 accuracy
Listening on 4444
[2022/4/26 15:24:2] Using user agent: Mozilla/5.0 (Windows NT 10.0; Win64; x64) AppleWebKit/537.36 (KHTML, like Gecko) Chrome/100.0.4896.127 Safari/537.36
[2022/4/26 15:24:2] resolver started for fit.vut.cz
using cache for [fit.vut.cz]
[2022/4/26 15:24:7] 5.01 s for fit.vut.cz, 0.932 with 0.982 accuracy
[2022/4/26 16:27:35] Using user agent: Mozilla/5.0 (Windows NT 10.0; Win64; x64) AppleWebKit/537.36 (KHTML, like Gecko) Chrome/100.0.4896.127 Safari/537.36
[2022/4/26 16:27:35] resolver started for aa-metrics.jalan.net
[2022/4/26 16:27:43] 8.20 s for aa-metrics.jalan.net, 0.083 with 0.91 accuracy
[2022/4/26 18:10:30] Using user agent: Mozilla/5.0 (Windows NT 10.0; Win64; x64) AppleWebKit/537.36 (KHTML, like Gecko) Chrome/100.0.4896.127 Safari/537.36
[2022/4/26 18:10:30] resolver started for google.com
[2022/4/26 18:10:38] 8.20 s for google.com, 0.842 with 0.982 accuracy
[2022/4/26 18:12:7] Using user agent: Mozilla/5.0 (Windows NT 10.0; Win64; x64) AppleWebKit/537.36 (KHTML, like Gecko) Chrome/100.0.4896.127 Safari/537.36
[2022/4/26 18:12:7] resolver started for fit.vut.cz
using cache for [fit.vut.cz]
[2022/4/26 18:12:12] 5.00 s for fit.vut.cz, 0.932 with 0.982 accuracy
[2022/4/26 18:12:29] Using user agent: Mozilla/5.0 (Windows NT 10.0; Win64; x64) AppleWebKit/537.36 (KHTML, like Gecko) Chrome/100.0.4896.127 Safari/537.36
[2022/4/26 18:12:29] resolver started for fit.vuut.cz
[2022/4/26 18:12:37] 7.93 s for fit.vuut.cz, 0.012 with 0.875 accuracy
[2022/4/26 18:52:53] Using user agent: Mozilla/5.0 (Windows NT 10.0; Win64; x64) AppleWebKit/537.36 (KHTML, like Gecko) Chrome/100.0.4896.127 Safari/537.36
[2022/4/26 18:52:53] resolver started for fit.vut.cz
using cache for [fit.vut.cz]
[2022/4/26 18:52:58] 5.00 s for fit.vut.cz, 0.932 with 0.982 accuracy
